<?xml version="1.0" encoding="UTF-8"?>
<testsuite xmlns:xsi="http://www.w3.org/2001/XMLSchema-instance" xsi:noNamespaceSchemaLocation="https://maven.apache.org/surefire/maven-surefire-plugin/xsd/surefire-test-report.xsd" version="3.0.1" name="com.mksybr.sdc.cs201.BinaryTreeSearchTests" time="0.017" tests="4" errors="0" skipped="0" failures="0">
  <properties>
[...]
</properties>
  <testcase name="removeLeafNode" classname="com.mksybr.sdc.cs201.BinaryTreeSearchTests" time="0.007"/>
  <testcase name="removeNodeWithOneChild" classname="com.mksybr.sdc.cs201.BinaryTreeSearchTests" time="0.0"/>
  <testcase name="removeNodeWithTwoChildren" classname="com.mksybr.sdc.cs201.BinaryTreeSearchTests" time="0.0"/>
  <testcase name="creation" classname="com.mksybr.sdc.cs201.BinaryTreeSearchTests" time="0.0"/>
</testsuite>